make all --print-data-base --no-builtin-variables --no-builtin-rules --question
make: *** No rule to make target 'all'.  Stop.

# GNU Make 4.3
# Built for x86_64-pc-linux-gnu
# Copyright (C) 1988-2020 Free Software Foundation, Inc.
# License GPLv3+: GNU GPL version 3 or later <http://gnu.org/licenses/gpl.html>
# This is free software: you are free to change and redistribute it.
# There is NO WARRANTY, to the extent permitted by law.

# Make data base, printed on Thu Jul 14 11:33:53 2022

# Variables

# environment
REMOTE_CONTAINERS_SOCKETS = ["/tmp/vscode-ssh-auth-66ce8453a0fcea6280b65886b5eb87e4be654db1.sock"]
# environment
LC_ALL = C
# makefile (from 'Makefile', line 1)
PROJECT_NAME := nutanix Package
# environment
VSCODE_CWD = /vscode/vscode-server/bin/linux-x64/b06ae3b2d2dbfe28bca3134cc6be65935cdfea6a
# default
MAKE_COMMAND := make
# environment
VSCODE_HANDLES_SIGPIPE = true
# environment
GOPATH = /root/go
# automatic
@D = $(patsubst %/,%,$(dir $@))
# environment
VSCODE_HANDLES_UNCAUGHT_ERRORS = true
# default
.VARIABLES := 
# environment
PWD = /workspaces/pulumi-nutanix
# automatic
%D = $(patsubst %/,%,$(dir $%))
# environment
HOSTNAME = 0507535135eb
# automatic
^D = $(patsubst %/,%,$(dir $^))
# automatic
%F = $(notdir $%)
# environment
LANG = C
# makefile (from 'Makefile', line 4)
PACK := nutanix
# default
.LOADED := 
# default
.INCLUDE_DIRS = /usr/local/include /usr/include /usr/include
# makefile
MAKEFLAGS = pqrR
# makefile (from 'Makefile', line 6)
PROJECT := github.com/pulumi/pulumi-nutanix
# makefile
CURDIR := /workspaces/pulumi-nutanix
# environment
APPLICATION_INSIGHTS_NO_DIAGNOSTIC_CHANNEL = true
# environment
LESSOPEN = | /usr/bin/lesspipe %s
# automatic
*D = $(patsubst %/,%,$(dir $*))
# makefile (from 'Makefile', line 14)
VERSION := 0.0.1-alpha.1657712173+b6a9a195.dirty
# environment
MFLAGS = -pqrR
# environment
SSH_AUTH_SOCK = /tmp/vscode-ssh-auth-66ce8453a0fcea6280b65886b5eb87e4be654db1.sock
# default
.SHELLFLAGS := -c
# automatic
+D = $(patsubst %/,%,$(dir $+))
# makefile (from 'Makefile', line 1)
MAKEFILE_LIST := Makefile
# automatic
@F = $(notdir $@)
# automatic
?D = $(patsubst %/,%,$(dir $?))
# automatic
*F = $(notdir $*)
# makefile (from 'Makefile', line 16)
TESTPARALLELISM := 4
# automatic
<D = $(patsubst %/,%,$(dir $<))
# environment
VSCODE_NLS_CONFIG = {"locale":"en","availableLanguages":{}}
# default
MAKE_HOST := x86_64-pc-linux-gnu
# makefile (from 'Makefile', line 10)
VERSION_PATH := provider/pkg/version.Version
# makefile (from 'Makefile', line 3)
SHELL := /bin/bash
# default
MAKECMDGOALS := all
# environment
SHLVL = 1
# environment
MAKELEVEL := 0
# default
MAKE = $(MAKE_COMMAND)
# environment
PATH = /vscode/vscode-server/bin/linux-x64/b06ae3b2d2dbfe28bca3134cc6be65935cdfea6a/bin/remote-cli:/usr/local/sbin:/usr/local/bin:/usr/sbin:/usr/bin:/sbin:/bin:/usr/local/go/bin:/root/go/bin:/usr/local/node/bin:/root/.pulumi/bin:/root/.dotnet/tools
# default
MAKEFILES := 
# automatic
^F = $(notdir $^)
# makefile (from 'Makefile', line 12)
TFGEN := pulumi-tfgen-nutanix
# makefile (from 'Makefile', line 5)
ORG := pulumi
# environment
REMOTE_CONTAINERS_IPC = /tmp/vscode-remote-containers-ipc-66ce8453a0fcea6280b65886b5eb87e4be654db1.sock
# environment
LESSCLOSE = /usr/bin/lesspipe %s %s
# environment
REMOTE_CONTAINERS = true
# automatic
?F = $(notdir $?)
# makefile (from 'Makefile', line 9)
PROVIDER_PATH := provider
# environment
LS_COLORS = 
# automatic
+F = $(notdir $+)
# 'override' directive
GNUMAKEFLAGS := 
# environment
BROWSER = /vscode/vscode-server/bin/linux-x64/b06ae3b2d2dbfe28bca3134cc6be65935cdfea6a/bin/helpers/browser.sh
# makefile (from 'Makefile', line 20)
OS := Linux
# makefile (from 'Makefile', line 7)
NODE_MODULE_NAME := @pulumi/nutanix
# makefile
.DEFAULT_GOAL := prepare
# default
MAKE_VERSION := 4.3
# 'override' directive
.SHELLSTATUS := 0
# environment
VSCODE_AGENT_FOLDER = /root/.vscode-server
# environment
_ = /usr/bin/cat
# environment
VSCODE_IPC_HOOK_CLI = /tmp/vscode-ipc-938e5986-017b-482c-b975-17979e10b466.sock
# environment
GOMODCACHE = /root/go/pkg/mod
# environment
VSCODE_AMD_ENTRYPOINT = vs/workbench/api/node/extensionHostProcess
# environment
HOME = /root
# environment
ELECTRON_RUN_AS_NODE = 1
# makefile (from 'Makefile', line 8)
TF_NAME := nutanix
# environment
GOPROXY = https://proxy.golang.org,direct
# default
.RECIPEPREFIX := 
# automatic
<F = $(notdir $<)
# default
SUFFIXES := 
# makefile (from 'Makefile', line 13)
PROVIDER := pulumi-resource-nutanix
# makefile (from 'Makefile', line 18)
WORKING_DIR := /workspaces/pulumi-nutanix
# default
.FEATURES := target-specific order-only second-expansion else-if shortest-stem undefine oneshell nocomment grouped-target extra-prereqs archives jobserver output-sync check-symlink load
# makefile (from 'Makefile', line 21)
EMPTY_TO_AVOID_SED := ""
# variable set hash-table stats:
# Load=79/1024=8%, Rehash=0, Collisions=1/140=1%

# Pattern-specific Variable Values

# No pattern-specific variable values.

# Directories

# . (device 43, inode 262616153271053505): 19 files, no impossibilities.

# 19 files, no impossibilities in 1 directories.

# Implicit Rules

# No implicit rules.

# Files

install_go_sdk::
#  Implicit rule search has not been done.
#  Modification time never checked.
#  File has not been updated.

install_python_sdk::
#  Implicit rule search has not been done.
#  Modification time never checked.
#  File has not been updated.

build_sdks:: install_plugins provider build_nodejs build_python build_go build_dotnet
#  Phony target (prerequisite of .PHONY).
#  Implicit rule search has not been done.
#  File does not exist.
#  File has not been updated.

# Not a target:
Makefile:
#  Implicit rule search has been done.
#  Last modified 2022-07-13 11:59:04.3770977
#  File has been updated.
#  Successfully updated.

only_build:: build
#  Implicit rule search has not been done.
#  Modification time never checked.
#  File has not been updated.

clean::
#  Implicit rule search has not been done.
#  Modification time never checked.
#  File has not been updated.
#  recipe to execute (from 'Makefile', line 105):
	rm -rf sdk/{dotnet,nodejs,go,python}

development:: install_plugins provider lint_provider build_sdks install_sdks cleanup
#  Phony target (prerequisite of .PHONY).
#  Implicit rule search has not been done.
#  File does not exist.
#  File has not been updated.

install_nodejs_sdk::
#  Implicit rule search has not been done.
#  Modification time never checked.
#  File has not been updated.
#  recipe to execute (from 'Makefile', line 120):
	yarn link --cwd $(WORKING_DIR)/sdk/nodejs/bin

# 'override' directive
build_dotnet: .SHELLSTATUS := 0
# makefile (from 'Makefile', line 81)
build_dotnet: DOTNET_VERSION := 0.0.1-alpha.1657712173+b6a9a195.dirty
build_dotnet:: install_plugins tfgen
#  Phony target (prerequisite of .PHONY).
#  Implicit rule search has not been done.
#  File does not exist.
#  File has not been updated.
# variable set hash-table stats:
# Load=2/32=6%, Rehash=0, Collisions=0/6=0%
#  recipe to execute (from 'Makefile', line 83):
	pulumictl get version --language dotnet
	$(WORKING_DIR)/bin/$(TFGEN) dotnet --overlays provider/overlays/dotnet --out sdk/dotnet/
	cd sdk/dotnet/ && \
		echo "${DOTNET_VERSION}" >version.txt && \
        dotnet build /p:Version=${DOTNET_VERSION}

tfgen:: install_plugins
#  Implicit rule search has not been done.
#  Modification time never checked.
#  File has not been updated.
#  recipe to execute (from 'Makefile', line 51):
	(cd provider && go build -o $(WORKING_DIR)/bin/${TFGEN} -ldflags "-X ${PROJECT}/${VERSION_PATH}=${VERSION}" ${PROJECT}/${PROVIDER_PATH}/cmd/${TFGEN})
	$(WORKING_DIR)/bin/${TFGEN} schema --out provider/cmd/${PROVIDER}
	(cd provider && VERSION=$(VERSION) go generate cmd/${PROVIDER}/main.go)

build_go:: install_plugins tfgen
#  Phony target (prerequisite of .PHONY).
#  Implicit rule search has not been done.
#  File does not exist.
#  File has not been updated.
#  recipe to execute (from 'Makefile', line 90):
	$(WORKING_DIR)/bin/$(TFGEN) go --overlays provider/overlays/go --out sdk/go/

# Not a target:
.DEFAULT:
#  Implicit rule search has not been done.
#  Modification time never checked.
#  File has not been updated.

install_dotnet_sdk::
#  Implicit rule search has not been done.
#  Modification time never checked.
#  File has not been updated.
#  recipe to execute (from 'Makefile', line 112):
 
	mkdir -p $(WORKING_DIR)/nuget
	find . -name '*.nupkg' -print -exec cp -p {} ${WORKING_DIR}/nuget \;

# Not a target:
all:
#  Command line target.
#  Implicit rule search has been done.
#  File does not exist.
#  File has not been updated.

provider:: tfgen install_plugins
#  Phony target (prerequisite of .PHONY).
#  Implicit rule search has not been done.
#  File does not exist.
#  File has not been updated.
#  recipe to execute (from 'Makefile', line 56):
	(cd provider && go build -o $(WORKING_DIR)/bin/${PROVIDER} -ldflags "-X ${PROJECT}/${VERSION_PATH}=${VERSION}" ${PROJECT}/${PROVIDER_PATH}/cmd/${PROVIDER})

help::
#  Implicit rule search has not been done.
#  Modification time never checked.
#  File has not been updated.
#  recipe to execute (from 'Makefile', line 100):
	@grep '^[^.#]\+:\s\+.*#' Makefile | \
 	sed "s/\(.\+\):\s*\(.*\) #\s*\(.*\)/`printf "\033[93m"`\1`printf "\033[0m"`	\3 [\2]/" | \
 	expand -t20

build:: install_plugins provider build_sdks install_sdks
#  Implicit rule search has not been done.
#  Modification time never checked.
#  File has not been updated.

prepare::
#  Implicit rule search has not been done.
#  Modification time never checked.
#  File has not been updated.
#  recipe to execute (from 'Makefile', line 24):
	@if test -z "${NAME}"; then echo "NAME not set"; exit 1; fi
	@if test -z "${REPOSITORY}"; then echo "REPOSITORY not set"; exit 1; fi
	@if test ! -d "provider/cmd/pulumi-tfgen-x${EMPTY_TO_AVOID_SED}yz"; then "Project already prepared"; exit 1; fi
	mv "provider/cmd/pulumi-tfgen-x${EMPTY_TO_AVOID_SED}yz" provider/cmd/pulumi-tfgen-${NAME}
	mv "provider/cmd/pulumi-resource-x${EMPTY_TO_AVOID_SED}yz" provider/cmd/pulumi-resource-${NAME}
	if [[ "${OS}" != "Darwin" ]]; then \
		sed -i 's,github.com/pulumi/pulumi-nutanix,${REPOSITORY},g' provider/go.mod; \
		find ./ ! -path './.git/*' -type f -exec sed -i 's/[x]yz/${NAME}/g' {} \; &> /dev/null; \
	fi
	# In MacOS the -i parameter needs an empty string to execute in place.
	if [[ "${OS}" == "Darwin" ]]; then \
		sed -i '' 's,github.com/pulumi/pulumi-nutanix,${REPOSITORY},g' provider/go.mod; \
		find ./ ! -path './.git/*' -type f -exec sed -i '' 's/[x]yz/${NAME}/g' {} \; &> /dev/null; \
	fi

test::
#  Implicit rule search has not been done.
#  Modification time never checked.
#  File has not been updated.
#  recipe to execute (from 'Makefile', line 125):
	cd examples && go test -v -tags=all -parallel ${TESTPARALLELISM} -timeout 2h

# 'override' directive
build_nodejs: .SHELLSTATUS := 0
# makefile (from 'Makefile', line 60)
build_nodejs: VERSION := v0.0.1-alpha.1657712173+b6a9a195.dirty
build_nodejs:: install_plugins tfgen
#  Phony target (prerequisite of .PHONY).
#  Implicit rule search has not been done.
#  File does not exist.
#  File has not been updated.
# variable set hash-table stats:
# Load=2/32=6%, Rehash=0, Collisions=0/6=0%
#  recipe to execute (from 'Makefile', line 62):
	$(WORKING_DIR)/bin/$(TFGEN) nodejs --overlays provider/overlays/nodejs --out sdk/nodejs/
	cd sdk/nodejs/ && \
        yarn install && \
        yarn run tsc && \
		cp -R scripts/ bin && \
        cp ../../README.md ../../LICENSE package.json yarn.lock ./bin/ && \
		sed -i.bak -e "s/\$${VERSION}/$(VERSION)/g" ./bin/package.json

cleanup::
#  Phony target (prerequisite of .PHONY).
#  Implicit rule search has not been done.
#  File does not exist.
#  File has not been updated.
#  recipe to execute (from 'Makefile', line 96):
	rm -r $(WORKING_DIR)/bin
	rm -f provider/cmd/${PROVIDER}/schema.go

install_sdks:: install_dotnet_sdk install_python_sdk install_nodejs_sdk
#  Implicit rule search has not been done.
#  Modification time never checked.
#  File has not been updated.

lint_provider:: provider
#  Implicit rule search has not been done.
#  Modification time never checked.
#  File has not been updated.
#  recipe to execute (from 'Makefile', line 93):
	cd provider && golangci-lint run -c ../.golangci.yml

.PHONY: development provider build_sdks build_nodejs build_dotnet build_go build_python cleanup
#  Implicit rule search has not been done.
#  Modification time never checked.
#  File has not been updated.

install_plugins::
#  Implicit rule search has not been done.
#  Modification time never checked.
#  File has not been updated.
#  recipe to execute (from 'Makefile', line 108):
	[ -x $(shell which pulumi) ] || curl -fsSL https://get.pulumi.com | sh
	pulumi plugin install resource random 4.3.1

# 'override' directive
build_python: .SHELLSTATUS := 0
# makefile (from 'Makefile', line 70)
build_python: PYPI_VERSION := 0.0.1a1657712173+dirty
build_python:: install_plugins tfgen
#  Phony target (prerequisite of .PHONY).
#  Implicit rule search has not been done.
#  File does not exist.
#  File has not been updated.
# variable set hash-table stats:
# Load=2/32=6%, Rehash=0, Collisions=0/6=0%
#  recipe to execute (from 'Makefile', line 72):
	$(WORKING_DIR)/bin/$(TFGEN) python --overlays provider/overlays/python --out sdk/python/
	cd sdk/python/ && \
        cp ../../README.md . && \
        python3 setup.py clean --all 2>/dev/null && \
        rm -rf ./bin/ ../python.bin/ && cp -R . ../python.bin && mv ../python.bin ./bin && \
        sed -i.bak -e 's/^VERSION = .*/VERSION = "$(PYPI_VERSION)"/g' -e 's/^PLUGIN_VERSION = .*/PLUGIN_VERSION = "$(VERSION)"/g' ./bin/setup.py && \
        rm ./bin/setup.py.bak && \
        cd ./bin && python3 setup.py build sdist

# files hash-table stats:
# Load=27/1024=3%, Rehash=0, Collisions=0/113=0%
# VPATH Search Paths

# No 'vpath' search paths.

# No general ('VPATH' variable) search path.

# strcache buffers: 1 (0) / strings = 46 / storage = 507 B / avg = 11 B
# current buf: size = 8162 B / used = 507 B / count = 46 / avg = 11 B

# strcache performance: lookups = 117 / hit rate = 60%
# hash-table stats:
# Load=46/8192=1%, Rehash=0, Collisions=0/117=0%
# Finished Make data base on Thu Jul 14 11:33:53 2022

 
